0002303981:163219:0002303981:11:0#0005931147:163222:0005931147:11:0#
Error Time Format!
0002303981:163219:0002303981:11:0#0005931147:163222:0005931147:11:0#
Error Date Format!
0005931147:163222:0005931147:11:0#
Error Time Format!
0005931147:163222:0005931147:11:0#
Error Date Format!
0005931147:164605:0005931147::1:0:0:11:1:2#0005931147:164610:0005931147::1:0:0:11:1:2#
Error Time Format!
0005931147:164605:0005931147::1:0:0:11:1:2#0005931147:164610:0005931147::1:0:0:11:1:2#
Error Date Format!
0005931147:164610:0005931147::1:0:0:11:1:2#
Error Time Format!
0005931147:164610:0005931147::1:0:0:11:1:2#
Error Date Format!
0005931147:164707:0005931147::1#
Error Time Format!
0005931147:164707:0005931147::1#
Error Date Format!
0000116368:170807:0000116368::0#0005921854:170859:0005921854::0#0002303941:170954:0002303941::0#0005931147:171316:0005931147::0#
Error Time Format!
0000116368:170807:0000116368::0#0005921854:170859:0005921854::0#0002303941:170954:0002303941::0#0005931147:171316:0005931147::0#
Error Date Format!
0005921854:170859:0005921854::0#0002303941:170954:0002303941::0#0005931147:171316:0005931147::0#
Error Time Format!
0002303941:170954:0002303941::0#0005931147:171316:0005931147::0#
Error Time Format!
0002303941:170954:0002303941::0#0005931147:171316:0005931147::0#
Error Date Format!
0005931147:171316:0005931147::0#
Error Time Format!
0005931147:171316:0005931147::0#
Error Date Format!
